<?xml version="1.0" encoding="UTF-8"?>
<testsuite xmlns:xsi="http://www.w3.org/2001/XMLSchema-instance" xsi:noNamespaceSchemaLocation="https://maven.apache.org/surefire/maven-surefire-plugin/xsd/surefire-test-report.xsd" name="LoginUserTest" time="3.082" tests="3" errors="0" skipped="0" failures="0">
  <properties>
[...]
</properties>
  <testcase name="loginWithInvalidEmail" classname="LoginUserTest" time="0.983"/>
  <testcase name="loginWithInvalidPassword" classname="LoginUserTest" time="1.047"/>
  <testcase name="loginExistingUser" classname="LoginUserTest" time="1.052"/>
</testsuite>